SF:lib\core\helpers\usecases\usecase.dart
DA:10,0
DA:11,0
LF:2
LH:0
end_of_record
SF:lib\features\admin\products\data\model\create_product\create_product_response.dart
DA:13,1
DA:15,0
DA:16,0
DA:24,1
DA:26,0
DA:27,0
DA:35,1
DA:37,0
DA:39,0
LF:9
LH:3
end_of_record
SF:lib\features\admin\products\data\model\create_product\create_product_response.g.dart
DA:9,0
DA:11,0
DA:12,0
DA:14,0
DA:15,0
DA:16,0
DA:17,0
DA:18,0
DA:21,0
DA:23,0
DA:24,0
DA:25,0
DA:28,0
DA:30,0
DA:31,0
DA:33,0
DA:36,0
DA:38,0
DA:39,0
DA:42,0
DA:43,0
DA:46,0
DA:47,0
DA:48,0
LF:24
LH:0
end_of_record
SF:lib\features\admin\products\data\model\delete_category\delete_product.dart
DA:12,1
DA:14,0
DA:15,0
DA:23,1
DA:25,0
DA:26,0
LF:6
LH:2
end_of_record
SF:lib\features\admin\products\data\model\delete_category\delete_product.g.dart
DA:9,0
DA:11,0
DA:12,0
DA:14,0
DA:15,0
DA:16,0
DA:17,0
DA:20,0
DA:22,0
DA:23,0
DA:24,0
DA:27,0
DA:28,0
DA:29,0
DA:32,0
DA:33,0
DA:34,0
LF:17
LH:0
end_of_record
SF:lib\features\admin\products\data\model\update_product\update_product_response.dart
DA:12,1
DA:15,0
DA:16,0
DA:24,1
DA:26,0
DA:27,0
DA:35,1
DA:37,0
DA:39,0
LF:9
LH:3
end_of_record
SF:lib\features\admin\products\data\model\update_product\update_product_response.g.dart
DA:9,0
DA:11,0
DA:12,0
DA:14,0
DA:15,0
DA:16,0
DA:17,0
DA:18,0
DA:21,0
DA:23,0
DA:24,0
DA:25,0
DA:28,0
DA:30,0
DA:31,0
DA:33,0
DA:34,0
DA:37,0
DA:39,0
DA:40,0
DA:43,0
DA:44,0
DA:45,0
DA:48,0
DA:49,0
DA:50,0
LF:26
LH:0
end_of_record
SF:lib\features\admin\products\domain\entities\get_product_entity.dart
DA:11,1
DA:20,0
DA:21,0
DA:28,2
DA:33,0
DA:34,0
LF:6
LH:2
end_of_record
SF:lib\features\admin\products\domain\use_cases\create_product_use_case.dart
DA:9,1
DA:10,1
DA:12,2
LF:3
LH:3
end_of_record
SF:lib\features\admin\products\domain\use_cases\delete_product_use_case.dart
DA:10,1
DA:12,1
DA:14,2
LF:3
LH:3
end_of_record
SF:lib\features\admin\products\domain\use_cases\get_products_list_use_case.dart
DA:10,1
DA:12,1
DA:14,2
LF:3
LH:3
end_of_record
SF:lib\features\admin\products\domain\use_cases\update_product_use_case.dart
DA:11,1
DA:13,1
DA:15,2
LF:3
LH:3
end_of_record
SF:lib\features\admin\products\domain\entities\create_product_entity.dart
DA:10,1
DA:18,0
DA:19,0
DA:20,0
DA:21,0
DA:22,0
DA:23,0
DA:24,0
LF:8
LH:1
end_of_record
SF:lib\features\admin\products\domain\entities\update_product_entity.dart
DA:11,1
DA:20,0
DA:22,0
DA:23,0
DA:24,0
DA:25,0
DA:26,0
DA:27,0
DA:28,0
LF:9
LH:1
end_of_record
SF:lib\core\app\apis\errors\error_model.dart
DA:11,0
DA:13,0
DA:22,0
DA:24,0
DA:25,0
DA:27,0
DA:35,0
DA:37,0
DA:38,0
DA:47,0
DA:49,0
DA:50,0
LF:12
LH:0
end_of_record
SF:lib\core\app\apis\errors\error_model.g.dart
DA:9,0
DA:10,0
DA:11,0
DA:12,0
DA:13,0
DA:14,0
DA:15,0
DA:18,0
DA:19,0
DA:20,0
DA:21,0
DA:22,0
DA:23,0
DA:26,0
DA:27,0
DA:28,0
DA:29,0
DA:32,0
DA:33,0
DA:34,0
DA:35,0
DA:38,0
DA:39,0
DA:40,0
DA:41,0
DA:42,0
DA:45,0
DA:46,0
DA:47,0
DA:48,0
DA:51,0
DA:53,0
DA:54,0
DA:55,0
DA:58,0
DA:60,0
DA:61,0
DA:62,0
LF:38
LH:0
end_of_record
SF:lib\features\admin\products\data\model\get_products_list\get_all_products.dart
DA:13,0
DA:15,0
DA:16,0
DA:25,0
DA:27,0
DA:28,0
DA:42,0
DA:51,0
DA:52,0
DA:62,0
DA:67,0
DA:69,0
LF:12
LH:0
end_of_record
SF:lib\features\admin\products\data\model\get_products_list\get_all_products.g.dart
DA:9,0
DA:11,0
DA:12,0
DA:14,0
DA:15,0
DA:16,0
DA:17,0
DA:20,0
DA:22,0
DA:23,0
DA:24,0
DA:27,0
DA:28,0
DA:29,0
DA:30,0
DA:31,0
DA:34,0
DA:35,0
DA:36,0
DA:39,0
DA:40,0
DA:41,0
DA:42,0
DA:43,0
DA:44,0
DA:45,0
DA:47,0
DA:48,0
DA:51,0
DA:52,0
DA:53,0
DA:54,0
DA:55,0
DA:56,0
DA:57,0
DA:60,0
DA:62,0
DA:63,0
DA:64,0
DA:67,0
DA:69,0
DA:70,0
DA:71,0
LF:43
LH:0
end_of_record
SF:lib\features\admin\products\data\repository\admin_product_repository.dart
DA:17,0
DA:19,0
DA:22,0
DA:24,0
DA:26,0
DA:28,0
DA:30,0
DA:31,0
DA:33,0
DA:37,0
DA:40,0
DA:41,0
DA:42,0
DA:44,0
DA:46,0
DA:47,0
DA:49,0
DA:52,0
DA:55,0
DA:56,0
DA:57,0
DA:59,0
DA:61,0
DA:62,0
DA:64,0
DA:67,0
DA:70,0
DA:71,0
DA:72,0
DA:74,0
DA:76,0
DA:77,0
DA:79,0
LF:33
LH:0
end_of_record
SF:lib\core\app\apis\errors\error_handler.dart
DA:7,0
DA:12,0
DA:14,0
DA:15,0
DA:16,0
DA:17,0
DA:18,0
DA:19,0
DA:20,0
DA:21,0
DA:23,0
DA:24,0
DA:25,0
DA:26,0
DA:27,0
DA:28,0
DA:29,0
DA:30,0
DA:31,0
DA:32,0
DA:34,0
DA:36,0
DA:40,0
DA:42,0
DA:43,0
DA:44,0
DA:45,0
DA:46,0
DA:47,0
DA:48,0
DA:49,0
DA:51,0
LF:32
LH:0
end_of_record
SF:lib\features\admin\products\data\Mappers\create_product_mapper.dart
DA:5,0
DA:6,0
DA:7,0
LF:3
LH:0
end_of_record
SF:lib\features\admin\products\data\Mappers\product_mapper.dart
DA:5,0
DA:6,0
DA:7,0
DA:8,0
DA:9,0
DA:10,0
DA:11,0
DA:12,0
DA:13,0
DA:14,0
DA:18,0
DA:23,0
DA:24,0
DA:25,0
LF:14
LH:0
end_of_record
SF:lib\features\admin\products\data\data_sources\admin_products_data_source.dart
DA:17,0
DA:20,0
DA:22,0
DA:31,0
DA:33,0
DA:34,0
DA:37,0
DA:39,0
DA:40,0
DA:43,0
DA:46,0
DA:47,0
LF:12
LH:0
end_of_record
SF:lib\features\admin\products\data\data_sources\apis\admin_products_api_service.g.dart
DA:12,0
DA:16,0
DA:23,0
DA:26,0
DA:27,0
DA:28,0
DA:29,0
DA:30,0
DA:31,0
DA:32,0
DA:37,0
DA:38,0
DA:43,0
DA:44,0
DA:45,0
DA:46,0
DA:48,0
DA:52,0
DA:55,0
DA:56,0
DA:57,0
DA:58,0
DA:59,0
DA:60,0
DA:61,0
DA:66,0
DA:67,0
DA:72,0
DA:73,0
DA:74,0
DA:75,0
DA:77,0
DA:81,0
DA:84,0
DA:85,0
DA:86,0
DA:87,0
DA:88,0
DA:89,0
DA:90,0
DA:95,0
DA:96,0
DA:101,0
DA:102,0
DA:103,0
DA:104,0
DA:106,0
DA:110,0
DA:113,0
DA:114,0
DA:115,0
DA:116,0
DA:117,0
DA:118,0
DA:119,0
DA:124,0
DA:125,0
DA:130,0
DA:131,0
DA:132,0
DA:133,0
DA:135,0
DA:139,0
DA:140,0
DA:141,0
DA:142,0
DA:143,0
DA:144,0
DA:146,0
DA:152,0
DA:156,0
DA:160,0
DA:162,0
DA:163,0
DA:166,0
LF:75
LH:0
end_of_record
SF:lib\features\admin\products\data\model\create_product\create_product_request.dart
DA:13,0
DA:17,0
LF:2
LH:0
end_of_record
SF:lib\features\admin\products\data\model\create_product\create_product_request.g.dart
DA:9,0
DA:11,0
DA:12,0
DA:13,0
DA:14,0
DA:15,0
DA:17,0
DA:20,0
DA:22,0
DA:23,0
DA:24,0
DA:25,0
DA:26,0
DA:27,0
LF:14
LH:0
end_of_record
SF:lib\features\admin\products\data\model\update_product\update_product_request.dart
DA:14,0
DA:23,0
LF:2
LH:0
end_of_record
SF:lib\features\admin\products\data\model\update_product\update_product_request.g.dart
DA:9,0
DA:11,0
DA:12,0
DA:13,0
DA:14,0
DA:15,0
DA:16,0
DA:18,0
DA:21,0
DA:23,0
DA:24,0
DA:25,0
DA:26,0
DA:27,0
DA:28,0
DA:29,0
LF:16
LH:0
end_of_record
SF:lib\features\admin\products\data\data_sources\apis\products_queries.dart
DA:10,0
DA:11,0
DA:12,0
DA:16,0
DA:18,0
DA:37,0
DA:38,0
DA:39,0
DA:40,0
DA:41,0
DA:42,0
DA:48,0
DA:50,0
DA:55,0
DA:61,0
DA:63,0
DA:80,0
DA:82,0
DA:102,0
DA:103,0
DA:104,0
DA:105,0
DA:106,0
DA:107,0
DA:108,0
LF:25
LH:0
end_of_record
SF:lib\features\customer\home\data\models\get_product_details\product_details.dart
DA:14,0
DA:16,0
DA:17,0
DA:26,0
DA:28,0
DA:29,0
DA:41,0
DA:44,0
DA:45,0
LF:9
LH:0
end_of_record
SF:lib\features\customer\home\data\models\get_product_details\product_details.g.dart
DA:9,0
DA:11,0
DA:12,0
DA:14,0
DA:15,0
DA:16,0
DA:17,0
DA:20,0
DA:22,0
DA:23,0
DA:24,0
DA:27,0
DA:28,0
DA:29,0
DA:31,0
DA:34,0
DA:35,0
DA:36,0
DA:39,0
DA:40,0
DA:41,0
DA:42,0
DA:43,0
DA:44,0
DA:45,0
DA:48,0
DA:49,0
DA:50,0
DA:51,0
DA:52,0
DA:53,0
DA:54,0
LF:32
LH:0
end_of_record
SF:lib\features\customer\home\domain\entities\products_details_entity.dart
DA:11,0
DA:19,0
DA:21,0
LF:3
LH:0
end_of_record
